<?xml version="1.0" encoding="UTF-8"?>
<!-- Generated by org.testng.reporters.JUnitReportReporter -->
<testsuite skipped="0" hostname="02CORM-K1GHFH00.staff.hq.superbalist.com" name="AssessmentTests" tests="1" failures="0" timestamp="03 Oct 2018 09:47:42 GMT" time="10.457" errors="0">
  <testcase name="testAssessment" time="10.457" classname="AssessmentTests"/>
</testsuite> <!-- AssessmentTests -->
